Longest word is ELECTROGLOTOSPECTROGRAFIEF with 26 letters

Words of length 02 start at 0  ( 1 letters ) 
Words of length 03 start at 1  ( 1 letters ) 
There are no 4 letters words
There are no 5 letters words
There are no 6 letters words
There are no 7 letters words
Words of length 08 start at 2  ( 12 letters ) 
There are no 9 letters words
Words of length 10 start at 14 ( 19 letters ) 
There are no 11 letters words
Words of length 12 start at 33 ( 78 letters ) 
Words of length 13 start at 111 ( 75 letters ) 
Words of length 14 start at 186 ( 73 letters ) 
Words of length 15 start at 259 ( 142 letters ) 
There are no 16 letters words
Words of length 17 start at 401 ( 630 letters ) 
Words of length 18 start at 1031 ( 10884 letters ) 
There are no 19 letters words
There are no 20 letters words
Words of length 21 start at 11915 ( 11423 letters ) 
Words of length 22 start at 23338 ( 18 letters ) 
There are no 23 letters words
There are no 24 letters words
There are no 25 letters words
Words of length 26 start at 23356 ( -23356 letters ) 
Longest 10 words 
10:  ( 0 letters ) 
9:  ( 0 letters ) 
8: ZVR ( 3 letters ) 
7: ZVONIT ( 6 letters ) 
6: ZVONIST ( 7 letters ) 
5: ZVONIRE ( 7 letters ) 
4: ZVONI ( 5 letters ) 
3: ZVONAR ( 6 letters ) 
2: ZVON ( 4 letters ) 
1: ZVOANA ( 6 letters ) 
0: ZVIDUIRE ( 8 letters ) 
