Longest word is annaleseconomiessocietescivilisations with 37 letters

Words of length 02 start at 27  ( 270 words ) 
Words of length 03 start at 297  ( 1491 words ) 
Words of length 04 start at 1788  ( 4986 words ) 
Words of length 05 start at 6774  ( 12242 words ) 
Words of length 06 start at 19016  ( 19722 words ) 
Words of length 07 start at 38738  ( 24981 words ) 
Words of length 08 start at 63719  ( 27316 words ) 
Words of length 09 start at 91035  ( 25811 words ) 
Words of length 10 start at 116846 ( 22021 words ) 
Words of length 11 start at 138867 ( 16628 words ) 
Words of length 12 start at 155495 ( 11527 words ) 
Words of length 13 start at 167022 ( 7467 words ) 
Words of length 14 start at 174489 ( 4465 words ) 
Words of length 15 start at 178954 ( 2613 words ) 
Words of length 16 start at 181567 ( 1380 words ) 
Words of length 17 start at 182947 ( 791 words ) 
Words of length 18 start at 183738 ( 423 words ) 
Words of length 19 start at 184161 ( 265 words ) 
Words of length 20 start at 184426 ( 136 words ) 
Words of length 21 start at 184562 ( 69 words ) 
Words of length 22 start at 184631 ( 28 words ) 
Words of length 23 start at 184659 ( 16 words ) 
Words of length 24 start at 184675 ( 7 words ) 
Words of length 25 start at 184682 ( 5 words ) 
Words of length 26 start at 184687 ( 3 words ) 
There are no words of length 27
Words of length 28 start at 184690 ( 4 words ) 
There are no words of length 29
Words of length 30 start at 184694 ( 3 words ) 
There are no words of length 31
Words of length 32 start at 184697 ( 1 words ) 
There are no words of length 33
There are no words of length 34
There are no words of length 35
Words of length 36 start at 184698 ( 1 words ) 
Words of length 37 start at 184699 ( -184699 words ) 
